TN:
SF:src/admin.controller.ts
FN:10,(anonymous_2)
FNF:1
FNH:1
FNDA:1,(anonymous_2)
DA:1,3
DA:2,3
DA:3,3
DA:7,3
DA:10,3
DA:12,1
LF:6
LH:6
BRF:0
BRH:0
end_of_record
TN:
SF:src/app.module.ts
FN:15,(anonymous_2)
FNF:1
FNH:1
FNDA:1,(anonymous_2)
DA:1,2
DA:2,2
DA:3,2
DA:4,2
DA:5,2
DA:7,2
DA:9,2
DA:10,2
DA:13,2
DA:15,2
DA:16,1
DA:34,2
LF:12
LH:12
BRF:0
BRH:0
end_of_record
TN:
SF:src/billing.controller.ts
FN:6,(anonymous_2)
FN:9,(anonymous_3)
FNF:2
FNH:2
FNDA:8,(anonymous_2)
FNDA:2,(anonymous_3)
DA:1,4
DA:2,4
DA:5,4
DA:6,8
DA:9,4
DA:10,2
LF:6
LH:6
BRDA:9,0,0,4
BRDA:9,0,1,0
BRDA:9,1,0,4
BRDA:9,1,1,4
BRDA:6,2,0,4
BRDA:6,2,1,0
BRDA:6,3,0,4
BRDA:6,3,1,4
BRF:8
BRH:6
end_of_record
TN:
SF:src/billing.module.ts
FNF:0
FNH:0
DA:1,3
DA:2,3
DA:3,3
DA:9,3
LF:4
LH:4
BRF:0
BRH:0
end_of_record
TN:
SF:src/billing.service.ts
FN:6,(anonymous_1)
FNF:1
FNH:1
FNDA:1,(anonymous_1)
DA:1,5
DA:4,5
DA:7,1
LF:3
LH:3
BRF:0
BRH:0
end_of_record
TN:
SF:src/compliance.controller.ts
FN:8,(anonymous_2)
FNF:1
FNH:1
FNDA:1,(anonymous_2)
DA:1,1
DA:2,1
DA:6,1
DA:8,1
DA:10,1
LF:5
LH:5
BRDA:8,0,0,1
BRDA:8,0,1,0
BRDA:8,1,0,1
BRDA:8,1,1,1
BRF:4
BRH:3
end_of_record
TN:
SF:src/logger.middleware.ts
FN:7,(anonymous_2)
FN:9,(anonymous_3)
FN:11,(anonymous_4)
FNF:3
FNH:3
FNDA:2,(anonymous_2)
FNDA:2,(anonymous_3)
FNDA:1,(anonymous_4)
DA:1,1
DA:3,1
DA:6,1
DA:7,2
DA:10,2
DA:11,2
DA:12,1
DA:13,1
DA:21,2
LF:9
LH:9
BRDA:7,0,0,1
BRF:1
BRH:1
end_of_record
TN:
SF:src/logger.ts
FN:3,getLogger
FNF:1
FNH:1
FNDA:6,getLogger
DA:1,2
DA:3,2
DA:4,6
LF:3
LH:3
BRDA:5,0,0,1
BRDA:5,0,1,5
BRF:2
BRH:2
end_of_record
TN:
SF:src/monitoring.controller.ts
FN:8,(anonymous_4)
FNF:1
FNH:1
FNDA:3,(anonymous_4)
DA:1,3
DA:3,3
DA:6,3
DA:8,3
DA:11,3
DA:12,1
DA:14,3
DA:15,2
LF:8
LH:8
BRDA:11,0,0,1
BRDA:11,0,1,2
BRDA:14,1,0,2
BRDA:14,1,1,1
BRDA:10,2,0,3
BRDA:10,2,1,0
BRDA:10,3,0,3
BRDA:10,3,1,3
BRF:8
BRH:7
end_of_record
TN:
SF:src/monitoring.module.ts
FNF:0
FNH:0
DA:1,2
DA:2,2
DA:7,2
LF:3
LH:3
BRF:0
BRH:0
end_of_record
TN:
SF:src/monitoring.ts
FNF:0
FNH:0
DA:1,4
DA:5,4
DA:6,4
DA:8,4
LF:4
LH:4
BRF:0
BRH:0
end_of_record
TN:
SF:src/sentry.ts
FN:13,(anonymous_9)
FN:14,(anonymous_10)
FN:15,(anonymous_11)
FN:16,(anonymous_12)
FNF:4
FNH:4
FNDA:1,(anonymous_9)
FNDA:1,(anonymous_10)
FNDA:1,(anonymous_11)
FNDA:1,(anonymous_12)
DA:1,4
DA:11,4
DA:12,1
DA:17,1
DA:22,3
DA:25,3
DA:30,3
DA:33,4
LF:8
LH:8
BRDA:11,0,0,1
BRDA:11,0,1,3
BRDA:17,1,0,1
BRDA:17,1,1,0
BRDA:22,2,0,3
BRDA:22,2,1,0
BRF:6
BRH:4
end_of_record
TN:
SF:src/api/api.controller.ts
FN:15,(anonymous_4)
FN:29,(anonymous_5)
FNF:2
FNH:2
FNDA:2,(anonymous_4)
FNDA:2,(anonymous_5)
DA:1,5
DA:2,5
DA:3,5
DA:13,5
DA:15,5
DA:19,2
DA:29,5
DA:32,2
LF:8
LH:8
BRDA:17,0,0,5
BRDA:17,0,1,0
BRDA:17,1,0,5
BRDA:17,1,1,5
BRDA:31,2,0,5
BRDA:31,2,1,0
BRDA:31,3,0,5
BRDA:31,3,1,5
BRF:8
BRH:6
end_of_record
TN:
SF:src/api/api.module.ts
FNF:0
FNH:0
DA:1,3
DA:2,3
DA:3,3
DA:9,3
LF:4
LH:4
BRF:0
BRH:0
end_of_record
TN:
SF:src/auth/auth.controller.ts
FN:36,(anonymous_4)
FN:40,(anonymous_5)
FN:44,(anonymous_6)
FN:95,(anonymous_7)
FNF:4
FNH:4
FNDA:17,(anonymous_4)
FNDA:1,(anonymous_5)
FNDA:3,(anonymous_6)
FNDA:5,(anonymous_7)
DA:1,8
DA:11,8
DA:12,8
DA:13,8
DA:35,8
DA:36,17
DA:40,8
DA:44,8
DA:49,3
DA:62,2
DA:64,1
DA:66,1
DA:67,1
DA:75,1
DA:80,1
DA:86,1
DA:95,8
DA:100,5
DA:108,3
DA:109,2
DA:117,1
DA:119,5
DA:125,2
DA:127,3
DA:128,2
LF:25
LH:25
BRDA:49,0,0,2
BRDA:49,0,1,1
BRDA:50,1,0,3
BRDA:50,1,1,2
BRDA:50,1,2,2
BRDA:50,1,3,2
BRDA:50,1,4,2
BRDA:50,1,5,2
BRDA:50,1,6,1
BRDA:50,1,7,1
BRDA:50,1,8,1
BRDA:50,1,9,1
BRDA:50,1,10,1
BRDA:68,2,0,1
BRDA:68,2,1,0
BRDA:69,3,0,1
BRDA:69,3,1,1
BRDA:70,4,0,1
BRDA:70,4,1,1
BRDA:71,5,0,1
BRDA:71,5,1,0
BRDA:72,6,0,1
BRDA:72,6,1,0
BRDA:73,7,0,1
BRDA:73,7,1,0
BRDA:77,8,0,1
BRDA:77,8,1,0
BRDA:78,9,0,1
BRDA:78,9,1,0
BRDA:100,10,0,3
BRDA:100,10,1,2
BRDA:101,11,0,5
BRDA:101,11,1,4
BRDA:101,11,2,4
BRDA:101,11,3,4
BRDA:101,11,4,3
BRDA:101,11,5,3
BRDA:109,12,0,1
BRDA:109,12,1,1
BRDA:110,13,0,2
BRDA:110,13,1,2
BRDA:110,13,2,2
BRDA:110,13,3,2
BRDA:110,13,4,1
BRDA:110,13,5,1
BRDA:119,14,0,2
BRDA:119,14,1,3
BRDA:120,15,0,5
BRDA:120,15,1,4
BRDA:120,15,2,4
BRDA:120,15,3,4
BRDA:40,16,0,8
BRDA:40,16,1,0
BRDA:40,17,0,8
BRDA:40,17,1,8
BRDA:46,18,0,0
BRDA:46,18,1,8
BRDA:46,19,0,8
BRDA:46,19,1,0
BRDA:47,20,0,8
BRDA:47,20,1,0
BRDA:47,21,0,8
BRDA:47,21,1,8
BRDA:97,22,0,0
BRDA:97,22,1,8
BRDA:97,23,0,8
BRDA:97,23,1,0
BRDA:98,24,0,8
BRDA:98,24,1,0
BRDA:98,25,0,8
BRDA:98,25,1,8
BRDA:36,26,0,8
BRDA:36,26,1,0
BRDA:36,27,0,8
BRDA:36,27,1,8
BRF:75
BRH:61
end_of_record
TN:
SF:src/auth/auth.module.ts
FN:15,(anonymous_2)
FN:32,(anonymous_3)
FNF:2
FNH:2
FNDA:7,(anonymous_2)
FNDA:7,(anonymous_3)
DA:1,7
DA:2,7
DA:3,7
DA:4,7
DA:5,7
DA:6,7
DA:7,7
DA:8,7
DA:9,7
DA:17,7
DA:21,7
DA:33,7
DA:42,7
LF:13
LH:13
BRDA:17,0,0,5
BRDA:17,0,1,2
BRDA:17,1,0,7
BRDA:17,1,1,5
BRDA:36,2,0,7
BRDA:36,2,1,0
BRF:6
BRH:5
end_of_record
TN:
SF:src/auth/auth.service.ts
FN:4,(anonymous_0)
FN:9,(anonymous_1)
FN:36,(anonymous_2)
FN:62,(anonymous_3)
FN:66,(anonymous_4)
FNF:5
FNH:5
FNDA:38,(anonymous_0)
FNDA:2,(anonymous_1)
FNDA:2,(anonymous_2)
FNDA:1,(anonymous_3)
FNDA:4,(anonymous_4)
DA:1,18
DA:3,18
DA:5,38
DA:6,38
DA:10,2
DA:11,2
DA:12,2
DA:15,2
DA:16,1
DA:19,1
DA:20,1
DA:22,0
DA:27,1
DA:30,1
DA:31,1
DA:33,0
DA:41,2
DA:46,2
DA:52,2
DA:59,2
DA:63,1
DA:69,4
DA:73,4
DA:78,2
DA:80,2
DA:84,2
DA:85,1
DA:87,1
LF:28
LH:26
BRDA:15,0,0,1
BRDA:15,0,1,1
BRDA:19,1,0,1
BRDA:19,1,1,0
BRDA:20,2,0,0
BRDA:20,2,1,1
BRDA:30,3,0,1
BRDA:30,3,1,0
BRDA:73,4,0,2
BRDA:73,4,1,2
BRDA:74,5,0,4
BRDA:74,5,1,4
BRDA:74,5,2,3
BRDA:84,6,0,1
BRDA:84,6,1,1
BRDA:84,7,0,2
BRDA:84,7,1,2
BRF:17
BRH:14
end_of_record
TN:
SF:src/auth/github.strategy.ts
FN:8,(anonymous_2)
FN:20,(anonymous_3)
FNF:2
FNH:2
FNDA:6,(anonymous_2)
FNDA:4,(anonymous_3)
DA:1,3
DA:2,3
DA:3,3
DA:4,3
DA:7,3
DA:8,5
DA:9,6
DA:33,4
DA:34,4
LF:9
LH:9
BRDA:13,0,0,5
BRDA:13,0,1,1
BRDA:35,1,0,4
BRDA:35,1,1,2
BRDA:36,2,0,4
BRDA:36,2,1,2
BRDA:37,3,0,4
BRDA:37,3,1,2
BRDA:8,4,0,3
BRDA:8,4,1,0
BRDA:8,5,0,3
BRDA:8,5,1,3
BRF:12
BRH:11
end_of_record
TN:
SF:src/auth/google.strategy.ts
FN:54,(anonymous_11)
FN:63,(anonymous_12)
FNF:2
FNH:2
FNDA:19,(anonymous_11)
FNDA:7,(anonymous_12)
DA:4,10
DA:5,10
DA:7,10
DA:8,10
DA:9,10
DA:10,10
DA:13,10
DA:20,0
DA:25,10
DA:26,10
DA:27,10
DA:28,10
DA:30,10
DA:31,10
DA:32,10
DA:33,10
DA:35,10
DA:37,10
DA:38,10
DA:40,10
DA:43,10
DA:50,10
DA:54,16
DA:55,19
DA:69,7
DA:70,7
DA:71,5
DA:73,2
LF:28
LH:27
BRDA:13,0,0,0
BRDA:13,0,1,10
BRDA:14,1,0,10
BRDA:14,1,1,0
BRDA:14,1,2,0
BRDA:25,2,0,10
BRDA:25,2,1,0
BRDA:26,3,0,10
BRDA:26,3,1,0
BRDA:27,4,0,10
BRDA:27,4,1,0
BRDA:28,5,0,10
BRDA:28,5,1,0
BRDA:30,6,0,10
BRDA:30,6,1,0
BRDA:31,7,0,10
BRDA:31,7,1,0
BRDA:32,8,0,10
BRDA:32,8,1,0
BRDA:34,9,0,10
BRDA:34,9,1,0
BRDA:36,10,0,10
BRDA:36,10,1,0
BRDA:37,11,0,10
BRDA:37,11,1,0
BRDA:39,12,0,10
BRDA:39,12,1,0
BRDA:41,13,0,10
BRDA:41,13,1,0
BRDA:44,14,0,10
BRDA:44,14,1,10
BRDA:44,14,2,10
BRDA:44,14,3,10
BRDA:54,15,0,10
BRDA:54,15,1,0
BRDA:54,16,0,10
BRDA:54,16,1,10
BRF:37
BRH:21
end_of_record
TN:
SF:src/auth/index.ts
FNF:0
FNH:0
DA:1,1
DA:2,1
DA:3,1
DA:4,1
DA:5,1
DA:6,1
DA:7,1
DA:8,1
DA:9,1
LF:9
LH:9
BRF:0
BRH:0
end_of_record
TN:
SF:src/auth/jwt-auth.guard.ts
FNF:0
FNH:0
DA:1,12
DA:2,12
DA:5,12
LF:3
LH:3
BRF:0
BRH:0
end_of_record
TN:
SF:src/auth/jwt.strategy.ts
FN:10,(anonymous_3)
FN:24,(anonymous_4)
FNF:2
FNH:2
FNDA:12,(anonymous_3)
FNDA:3,(anonymous_4)
DA:1,9
DA:2,9
DA:3,9
DA:4,9
DA:5,9
DA:8,9
DA:10,12
DA:12,12
DA:16,12
DA:21,12
DA:27,3
LF:11
LH:11
BRDA:12,0,0,7
BRDA:12,0,1,5
BRDA:12,1,0,12
BRDA:12,1,1,7
BRDA:10,2,0,9
BRDA:10,2,1,0
BRDA:10,3,0,9
BRDA:10,3,1,9
BRF:8
BRH:7
end_of_record
TN:
SF:src/auth/linkedin.strategy.ts
FN:8,(anonymous_2)
FN:26,(anonymous_3)
FNF:2
FNH:2
FNDA:6,(anonymous_2)
FNDA:4,(anonymous_3)
DA:1,3
DA:2,3
DA:3,3
DA:4,3
DA:7,3
DA:8,5
DA:9,6
DA:39,4
DA:40,4
LF:9
LH:9
BRDA:11,0,0,5
BRDA:11,0,1,1
BRDA:15,1,0,5
BRDA:15,1,1,1
BRDA:19,2,0,5
BRDA:19,2,1,1
BRDA:41,3,0,4
BRDA:41,3,1,2
BRDA:42,4,0,4
BRDA:42,4,1,2
BRDA:43,5,0,4
BRDA:43,5,1,2
BRDA:8,6,0,3
BRDA:8,6,1,0
BRDA:8,7,0,3
BRDA:8,7,1,3
BRF:16
BRH:15
end_of_record
TN:
SF:src/auth/roles.guard.ts
FN:10,(anonymous_2)
FN:15,(anonymous_3)
FN:17,(anonymous_4)
FNF:3
FNH:3
FNDA:7,(anonymous_2)
FNDA:13,(anonymous_3)
FNDA:9,(anonymous_4)
DA:1,8
DA:8,8
DA:10,8
DA:11,7
DA:14,8
DA:15,13
DA:18,9
DA:22,9
DA:23,7
DA:24,7
DA:29,5
DA:31,2
LF:12
LH:12
BRDA:22,0,0,2
BRDA:22,0,1,7
BRDA:22,1,0,9
BRDA:22,1,1,7
BRDA:24,2,0,5
BRDA:24,2,1,2
BRDA:25,3,0,7
BRDA:25,3,1,5
BRDA:25,3,2,4
BRDA:15,4,0,8
BRDA:15,4,1,0
BRDA:15,5,0,8
BRDA:15,5,1,8
BRF:13
BRH:12
end_of_record
TN:
SF:src/db/client.ts
FNF:0
FNH:0
DA:11,1
LF:1
LH:1
BRF:0
BRH:0
end_of_record
TN:
SF:src/openai/index.ts
FNF:0
FNH:0
DA:1,1
DA:2,1
DA:3,1
DA:4,1
LF:4
LH:4
BRF:0
BRH:0
end_of_record
TN:
SF:src/openai/openai.controller.ts
FN:19,(anonymous_4)
FN:22,(anonymous_5)
FN:48,(anonymous_6)
FN:71,(anonymous_7)
FNF:4
FNH:4
FNDA:10,(anonymous_4)
FNDA:5,(anonymous_5)
FNDA:4,(anonymous_6)
FNDA:1,(anonymous_7)
DA:1,6
DA:11,6
DA:12,6
DA:14,6
DA:18,6
DA:19,10
DA:22,6
DA:34,5
DA:35,0
DA:37,5
DA:38,5
DA:39,5
DA:40,2
DA:41,2
DA:42,2
DA:43,2
DA:49,4
DA:50,2
DA:51,2
DA:53,2
DA:54,2
DA:58,2
DA:60,3
DA:66,2
DA:71,6
DA:75,1
DA:76,1
DA:77,1
DA:78,1
LF:29
LH:28
BRDA:34,0,0,0
BRDA:34,0,1,5
BRDA:39,1,0,2
BRDA:39,1,1,3
BRDA:49,2,0,2
BRDA:49,2,1,2
BRDA:53,3,0,2
BRDA:53,3,1,0
BRDA:24,4,0,0
BRDA:24,4,1,6
BRDA:24,5,0,6
BRDA:24,5,1,0
BRDA:33,6,0,6
BRDA:33,6,1,0
BRDA:33,7,0,6
BRDA:33,7,1,6
BRDA:73,8,0,0
BRDA:73,8,1,6
BRDA:73,9,0,6
BRDA:73,9,1,0
BRDA:74,10,0,6
BRDA:74,10,1,0
BRDA:74,11,0,6
BRDA:74,11,1,6
BRDA:19,12,0,6
BRDA:19,12,1,0
BRDA:19,13,0,6
BRDA:19,13,1,6
BRF:28
BRH:19
end_of_record
TN:
SF:src/openai/openai.guard.ts
FN:6,(anonymous_2)
FN:8,(anonymous_3)
FNF:2
FNH:2
FNDA:8,(anonymous_2)
FNDA:7,(anonymous_3)
DA:1,4
DA:2,4
DA:5,4
DA:6,8
DA:9,7
DA:10,7
DA:11,7
DA:13,7
DA:14,5
DA:15,4
LF:10
LH:10
BRDA:6,0,0,4
BRDA:6,0,1,0
BRDA:6,1,0,4
BRDA:6,1,1,4
BRF:4
BRH:3
end_of_record
TN:
SF:src/openai/openai.module.ts
FNF:0
FNH:0
DA:1,4
DA:2,4
DA:3,4
DA:4,4
DA:7,4
DA:8,4
DA:16,4
LF:7
LH:7
BRF:0
BRH:0
end_of_record
TN:
SF:src/openai/openai.service.ts
FN:32,(anonymous_3)
FN:45,(anonymous_4)
FN:59,(anonymous_5)
FNF:3
FNH:2
FNDA:29,(anonymous_3)
FNDA:0,(anonymous_4)
FNDA:2,(anonymous_5)
DA:1,8
DA:7,8
DA:8,8
DA:28,8
DA:29,29
DA:33,29
DA:36,29
DA:37,15
DA:38,2
DA:49,0
DA:53,0
DA:67,2
DA:68,1
DA:70,1
DA:71,1
DA:76,0
DA:77,0
DA:79,0
DA:81,0
DA:82,0
DA:85,0
DA:86,0
DA:88,0
DA:90,0
DA:95,0
DA:98,0
DA:100,0
DA:101,0
DA:105,0
DA:106,0
DA:122,0
DA:124,0
DA:125,0
LF:33
LH:13
BRDA:37,0,0,2
BRDA:37,0,1,13
BRDA:67,1,0,1
BRDA:67,1,1,1
BRDA:67,2,0,2
BRDA:67,2,1,2
BRDA:70,3,0,1
BRDA:70,3,1,0
BRDA:76,4,0,0
BRDA:76,4,1,0
BRDA:76,5,0,0
BRDA:76,5,1,0
BRDA:81,6,0,0
BRDA:81,6,1,0
BRDA:81,7,0,0
BRDA:81,7,1,0
BRDA:85,8,0,0
BRDA:85,8,1,0
BRDA:85,9,0,0
BRDA:85,9,1,0
BRDA:90,10,0,0
BRDA:90,10,1,0
BRDA:91,11,0,0
BRDA:91,11,1,0
BRDA:91,11,2,0
BRDA:98,12,0,0
BRDA:98,12,1,0
BRDA:98,13,0,0
BRDA:98,13,1,0
BRDA:109,14,0,0
BRDA:109,14,1,0
BRDA:111,15,0,0
BRDA:111,15,1,0
BRDA:33,16,0,8
BRDA:33,16,1,0
BRDA:33,17,0,8
BRDA:33,17,1,8
BRF:37
BRH:10
end_of_record
TN:
SF:src/rate-limit/rate-limit.module.ts
FN:13,(anonymous_2)
FN:22,(anonymous_3)
FNF:2
FNH:1
FNDA:0,(anonymous_2)
FNDA:3,(anonymous_3)
DA:1,2
DA:2,2
DA:3,2
DA:5,2
DA:14,0
DA:22,3
DA:28,2
LF:7
LH:6
BRDA:15,0,0,0
BRDA:15,0,1,0
BRF:2
BRH:0
end_of_record
TN:
SF:src/rate-limit/rate-limit.service.ts
FN:6,(anonymous_5)
FN:8,(anonymous_6)
FNF:2
FNH:2
FNDA:7,(anonymous_5)
FNDA:3,(anonymous_6)
DA:1,7
DA:2,7
DA:5,7
DA:6,7
DA:9,3
DA:10,3
DA:11,3
DA:12,3
DA:13,1
DA:15,3
DA:16,1
LF:11
LH:11
BRDA:12,0,0,1
BRDA:12,0,1,2
BRDA:15,1,0,1
BRDA:15,1,1,2
BRDA:6,2,0,7
BRDA:6,2,1,0
BRDA:6,3,0,7
BRDA:6,3,1,7
BRF:8
BRH:7
end_of_record
