TN:
SF:drizzle/drizzle.service.ts
FN:44,(anonymous_0)
FN:46,(anonymous_1)
FN:48,(anonymous_2)
FN:51,(anonymous_3)
FN:62,(anonymous_4)
FN:64,(anonymous_5)
FN:65,(anonymous_6)
FN:69,(anonymous_7)
FN:76,(anonymous_8)
FN:77,(anonymous_9)
FN:81,(anonymous_10)
FN:82,(anonymous_11)
FN:86,(anonymous_12)
FN:87,(anonymous_13)
FN:91,(anonymous_14)
FN:96,(anonymous_15)
FN:97,(anonymous_16)
FNF:17
FNH:1
FNDA:9,(anonymous_0)
FNDA:0,(anonymous_1)
FNDA:0,(anonymous_2)
FNDA:0,(anonymous_3)
FNDA:0,(anonymous_4)
FNDA:0,(anonymous_5)
FNDA:0,(anonymous_6)
FNDA:0,(anonymous_7)
FNDA:0,(anonymous_8)
FNDA:0,(anonymous_9)
FNDA:0,(anonymous_10)
FNDA:0,(anonymous_11)
FNDA:0,(anonymous_12)
FNDA:0,(anonymous_13)
FNDA:0,(anonymous_14)
FNDA:0,(anonymous_15)
FNDA:0,(anonymous_16)
DA:27,7
DA:28,7
DA:31,7
DA:42,7
DA:44,7
DA:45,9
DA:47,0
DA:48,0
DA:52,0
DA:57,0
DA:58,0
DA:61,9
DA:63,0
DA:64,0
DA:65,0
DA:70,0
DA:71,0
DA:73,0
DA:74,0
DA:77,0
DA:78,0
DA:79,0
DA:82,0
DA:85,9
DA:87,0
DA:90,9
DA:92,0
DA:93,0
DA:94,0
DA:97,0
LF:30
LH:9
BRDA:48,0,0,0
BRDA:48,0,1,0
BRDA:65,1,0,0
BRDA:65,1,1,0
BRDA:65,1,2,0
BRDA:65,1,3,0
BRDA:78,2,0,0
BRDA:78,2,1,0
BRDA:87,3,0,0
BRDA:87,3,1,0
BRDA:97,4,0,0
BRDA:97,4,1,0
BRF:12
BRH:0
end_of_record
TN:
SF:src/admin.controller.ts
FN:10,(anonymous_2)
FNF:1
FNH:1
FNDA:1,(anonymous_2)
DA:1,3
DA:2,3
DA:3,3
DA:7,3
DA:10,3
DA:12,1
LF:6
LH:6
BRF:0
BRH:0
end_of_record
TN:
SF:src/app.module.ts
FN:13,(anonymous_2)
FNF:1
FNH:1
FNDA:1,(anonymous_2)
DA:1,2
DA:2,2
DA:3,2
DA:4,2
DA:5,2
DA:6,2
DA:7,2
DA:8,2
DA:11,2
DA:13,2
DA:14,1
DA:32,2
LF:12
LH:12
BRF:0
BRH:0
end_of_record
TN:
SF:src/billing.controller.ts
FN:6,(anonymous_2)
FN:9,(anonymous_3)
FNF:2
FNH:2
FNDA:8,(anonymous_2)
FNDA:2,(anonymous_3)
DA:1,4
DA:2,4
DA:5,4
DA:6,8
DA:9,4
DA:10,2
LF:6
LH:6
BRF:0
BRH:0
end_of_record
TN:
SF:src/billing.module.ts
FNF:0
FNH:0
DA:1,3
DA:2,3
DA:3,3
DA:9,3
LF:4
LH:4
BRF:0
BRH:0
end_of_record
TN:
SF:src/billing.service.ts
FN:6,(anonymous_1)
FNF:1
FNH:1
FNDA:1,(anonymous_1)
DA:1,5
DA:4,5
DA:7,1
LF:3
LH:3
BRF:0
BRH:0
end_of_record
TN:
SF:src/compliance.controller.ts
FN:8,(anonymous_2)
FNF:1
FNH:1
FNDA:1,(anonymous_2)
DA:1,1
DA:2,1
DA:6,1
DA:8,1
DA:10,1
LF:5
LH:5
BRF:0
BRH:0
end_of_record
TN:
SF:src/logger.middleware.ts
FN:7,(anonymous_2)
FN:9,(anonymous_3)
FN:11,(anonymous_4)
FNF:3
FNH:3
FNDA:2,(anonymous_2)
FNDA:2,(anonymous_3)
FNDA:1,(anonymous_4)
DA:1,1
DA:3,1
DA:6,1
DA:7,2
DA:10,2
DA:11,2
DA:12,1
DA:13,1
DA:21,2
LF:9
LH:9
BRDA:7,0,0,1
BRF:1
BRH:1
end_of_record
TN:
SF:src/logger.ts
FN:3,getLogger
FNF:1
FNH:1
FNDA:6,getLogger
DA:1,2
DA:3,2
DA:4,6
LF:3
LH:3
BRDA:5,0,0,1
BRDA:5,0,1,5
BRF:2
BRH:2
end_of_record
TN:
SF:src/monitoring.controller.ts
FN:8,(anonymous_4)
FNF:1
FNH:1
FNDA:3,(anonymous_4)
DA:1,3
DA:3,3
DA:6,3
DA:8,3
DA:11,3
DA:12,1
DA:14,3
DA:15,2
LF:8
LH:8
BRDA:11,0,0,1
BRDA:11,0,1,2
BRDA:14,1,0,2
BRDA:14,1,1,1
BRF:4
BRH:4
end_of_record
TN:
SF:src/monitoring.module.ts
FNF:0
FNH:0
DA:1,2
DA:2,2
DA:7,2
LF:3
LH:3
BRF:0
BRH:0
end_of_record
TN:
SF:src/monitoring.ts
FNF:0
FNH:0
DA:1,4
DA:5,4
DA:6,4
DA:8,4
LF:4
LH:4
BRF:0
BRH:0
end_of_record
TN:
SF:src/sentry.ts
FN:13,(anonymous_9)
FN:14,(anonymous_10)
FN:15,(anonymous_11)
FN:16,(anonymous_12)
FNF:4
FNH:4
FNDA:1,(anonymous_9)
FNDA:1,(anonymous_10)
FNDA:1,(anonymous_11)
FNDA:1,(anonymous_12)
DA:1,4
DA:11,4
DA:12,1
DA:17,1
DA:22,3
DA:25,3
DA:30,3
DA:33,4
LF:8
LH:8
BRDA:11,0,0,1
BRDA:11,0,1,3
BRDA:17,1,0,1
BRDA:17,1,1,0
BRDA:22,2,0,3
BRDA:22,2,1,0
BRF:6
BRH:4
end_of_record
TN:
SF:src/api/api.controller.ts
FN:15,(anonymous_4)
FN:29,(anonymous_5)
FNF:2
FNH:2
FNDA:2,(anonymous_4)
FNDA:2,(anonymous_5)
DA:1,5
DA:2,5
DA:3,5
DA:13,5
DA:15,5
DA:19,2
DA:29,5
DA:32,2
LF:8
LH:8
BRF:0
BRH:0
end_of_record
TN:
SF:src/api/api.module.ts
FNF:0
FNH:0
DA:1,3
DA:2,3
DA:3,3
DA:9,3
LF:4
LH:4
BRF:0
BRH:0
end_of_record
TN:
SF:src/auth/auth.controller.ts
FN:37,(anonymous_4)
FN:41,(anonymous_5)
FN:45,(anonymous_6)
FN:98,(anonymous_7)
FNF:4
FNH:1
FNDA:7,(anonymous_4)
FNDA:0,(anonymous_5)
FNDA:0,(anonymous_6)
FNDA:0,(anonymous_7)
DA:1,7
DA:2,7
DA:12,7
DA:13,7
DA:36,7
DA:37,7
DA:41,7
DA:45,7
DA:50,0
DA:51,0
DA:61,0
DA:62,0
DA:64,0
DA:66,0
DA:67,0
DA:75,0
DA:80,0
DA:87,0
DA:88,0
DA:94,0
DA:98,7
DA:103,0
DA:111,0
DA:112,0
DA:120,0
DA:122,0
DA:128,0
DA:130,0
DA:131,0
LF:29
LH:9
BRDA:51,0,0,0
BRDA:51,0,1,0
BRDA:52,1,0,0
BRDA:52,1,1,0
BRDA:52,1,2,0
BRDA:52,1,3,0
BRDA:52,1,4,0
BRDA:52,1,5,0
BRDA:52,1,6,0
BRDA:52,1,7,0
BRDA:68,2,0,0
BRDA:68,2,1,0
BRDA:69,3,0,0
BRDA:69,3,1,0
BRDA:70,4,0,0
BRDA:70,4,1,0
BRDA:71,5,0,0
BRDA:71,5,1,0
BRDA:72,6,0,0
BRDA:72,6,1,0
BRDA:73,7,0,0
BRDA:73,7,1,0
BRDA:77,8,0,0
BRDA:77,8,1,0
BRDA:78,9,0,0
BRDA:78,9,1,0
BRDA:87,10,0,0
BRDA:87,10,1,0
BRDA:91,11,0,0
BRDA:91,11,1,0
BRDA:92,12,0,0
BRDA:92,12,1,0
BRDA:103,13,0,0
BRDA:103,13,1,0
BRDA:104,14,0,0
BRDA:104,14,1,0
BRDA:104,14,2,0
BRDA:104,14,3,0
BRDA:104,14,4,0
BRDA:104,14,5,0
BRDA:112,15,0,0
BRDA:112,15,1,0
BRDA:113,16,0,0
BRDA:113,16,1,0
BRDA:113,16,2,0
BRDA:113,16,3,0
BRDA:113,16,4,0
BRDA:113,16,5,0
BRDA:122,17,0,0
BRDA:122,17,1,0
BRDA:123,18,0,0
BRDA:123,18,1,0
BRDA:123,18,2,0
BRDA:123,18,3,0
BRF:54
BRH:0
end_of_record
TN:
SF:src/auth/auth.module.ts
FN:15,(anonymous_2)
FN:32,(anonymous_3)
FNF:2
FNH:2
FNDA:7,(anonymous_2)
FNDA:7,(anonymous_3)
DA:1,7
DA:2,7
DA:3,7
DA:4,7
DA:5,7
DA:6,7
DA:7,7
DA:8,7
DA:9,7
DA:17,7
DA:21,7
DA:33,7
DA:42,7
LF:13
LH:13
BRDA:17,0,0,5
BRDA:17,0,1,2
BRDA:17,1,0,7
BRDA:17,1,1,5
BRDA:36,2,0,7
BRDA:36,2,1,0
BRF:6
BRH:5
end_of_record
TN:
SF:src/auth/auth.service.ts
FN:4,(anonymous_0)
FN:9,(anonymous_1)
FN:34,(anonymous_2)
FN:60,(anonymous_3)
FN:64,(anonymous_4)
FNF:5
FNH:5
FNDA:28,(anonymous_0)
FNDA:2,(anonymous_1)
FNDA:2,(anonymous_2)
FNDA:1,(anonymous_3)
FNDA:4,(anonymous_4)
DA:1,17
DA:3,17
DA:5,28
DA:6,28
DA:10,2
DA:11,2
DA:12,2
DA:15,2
DA:16,1
DA:19,1
DA:20,1
DA:21,0
DA:26,1
DA:31,1
DA:39,2
DA:44,2
DA:50,2
DA:57,2
DA:61,1
DA:67,4
DA:71,4
DA:76,2
DA:78,2
DA:82,2
DA:83,1
DA:85,1
LF:26
LH:25
BRDA:15,0,0,1
BRDA:15,0,1,1
BRDA:19,1,0,1
BRDA:19,1,1,0
BRDA:20,2,0,0
BRDA:20,2,1,1
BRDA:31,3,0,1
BRDA:31,3,1,1
BRDA:71,4,0,2
BRDA:71,4,1,2
BRDA:72,5,0,4
BRDA:72,5,1,4
BRDA:72,5,2,3
BRDA:82,6,0,1
BRDA:82,6,1,1
BRDA:82,7,0,2
BRDA:82,7,1,2
BRF:17
BRH:15
end_of_record
TN:
SF:src/auth/github.strategy.ts
FN:8,(anonymous_2)
FN:20,(anonymous_3)
FNF:2
FNH:2
FNDA:6,(anonymous_2)
FNDA:4,(anonymous_3)
DA:1,3
DA:2,3
DA:3,3
DA:4,3
DA:7,3
DA:8,5
DA:9,6
DA:33,4
DA:34,4
LF:9
LH:9
BRDA:13,0,0,5
BRDA:13,0,1,1
BRDA:35,1,0,4
BRDA:35,1,1,2
BRDA:36,2,0,4
BRDA:36,2,1,2
BRDA:37,3,0,4
BRDA:37,3,1,2
BRF:8
BRH:8
end_of_record
TN:
SF:src/auth/google.strategy.ts
FN:57,(anonymous_11)
FN:66,(anonymous_12)
FNF:2
FNH:2
FNDA:19,(anonymous_11)
FNDA:7,(anonymous_12)
DA:4,10
DA:5,10
DA:6,10
DA:7,10
DA:8,10
DA:10,10
DA:11,10
DA:12,10
DA:13,10
DA:16,10
DA:23,0
DA:28,10
DA:29,10
DA:30,10
DA:31,10
DA:33,10
DA:34,10
DA:35,10
DA:36,10
DA:38,10
DA:40,10
DA:41,10
DA:43,10
DA:46,10
DA:53,10
DA:57,16
DA:58,19
DA:72,7
DA:73,7
DA:74,5
DA:76,2
LF:31
LH:30
BRDA:16,0,0,0
BRDA:16,0,1,10
BRDA:17,1,0,10
BRDA:17,1,1,0
BRDA:17,1,2,0
BRDA:28,2,0,10
BRDA:28,2,1,0
BRDA:29,3,0,10
BRDA:29,3,1,0
BRDA:30,4,0,10
BRDA:30,4,1,0
BRDA:31,5,0,10
BRDA:31,5,1,0
BRDA:33,6,0,10
BRDA:33,6,1,0
BRDA:34,7,0,10
BRDA:34,7,1,0
BRDA:35,8,0,10
BRDA:35,8,1,0
BRDA:37,9,0,10
BRDA:37,9,1,0
BRDA:39,10,0,10
BRDA:39,10,1,0
BRDA:40,11,0,10
BRDA:40,11,1,0
BRDA:42,12,0,10
BRDA:42,12,1,0
BRDA:44,13,0,10
BRDA:44,13,1,0
BRDA:47,14,0,10
BRDA:47,14,1,10
BRDA:47,14,2,10
BRDA:47,14,3,10
BRF:33
BRH:18
end_of_record
TN:
SF:src/auth/index.ts
FNF:0
FNH:0
DA:1,1
DA:2,1
DA:3,1
DA:4,1
DA:5,1
DA:6,1
DA:7,1
DA:8,1
DA:9,1
LF:9
LH:9
BRF:0
BRH:0
end_of_record
TN:
SF:src/auth/jwt-auth.guard.ts
FNF:0
FNH:0
DA:1,12
DA:2,12
DA:5,12
LF:3
LH:3
BRF:0
BRH:0
end_of_record
TN:
SF:src/auth/jwt.strategy.ts
FN:10,(anonymous_3)
FN:24,(anonymous_4)
FNF:2
FNH:2
FNDA:12,(anonymous_3)
FNDA:3,(anonymous_4)
DA:1,9
DA:2,9
DA:3,9
DA:4,9
DA:5,9
DA:8,9
DA:10,12
DA:12,12
DA:16,12
DA:21,12
DA:27,3
LF:11
LH:11
BRDA:12,0,0,7
BRDA:12,0,1,5
BRDA:12,1,0,12
BRDA:12,1,1,7
BRF:4
BRH:4
end_of_record
TN:
SF:src/auth/linkedin.strategy.ts
FN:8,(anonymous_2)
FN:26,(anonymous_3)
FNF:2
FNH:2
FNDA:6,(anonymous_2)
FNDA:4,(anonymous_3)
DA:1,3
DA:2,3
DA:3,3
DA:4,3
DA:7,3
DA:8,5
DA:9,6
DA:39,4
DA:40,4
LF:9
LH:9
BRDA:11,0,0,5
BRDA:11,0,1,1
BRDA:15,1,0,5
BRDA:15,1,1,1
BRDA:19,2,0,5
BRDA:19,2,1,1
BRDA:41,3,0,4
BRDA:41,3,1,2
BRDA:42,4,0,4
BRDA:42,4,1,2
BRDA:43,5,0,4
BRDA:43,5,1,2
BRF:12
BRH:12
end_of_record
TN:
SF:src/auth/roles.guard.ts
FN:10,(anonymous_2)
FN:15,(anonymous_3)
FN:17,(anonymous_4)
FNF:3
FNH:3
FNDA:7,(anonymous_2)
FNDA:13,(anonymous_3)
FNDA:9,(anonymous_4)
DA:1,8
DA:8,8
DA:10,8
DA:11,7
DA:14,8
DA:15,13
DA:18,9
DA:22,9
DA:23,7
DA:24,7
DA:29,5
DA:31,2
LF:12
LH:12
BRDA:22,0,0,2
BRDA:22,0,1,7
BRDA:22,1,0,9
BRDA:22,1,1,7
BRDA:24,2,0,5
BRDA:24,2,1,2
BRDA:25,3,0,7
BRDA:25,3,1,5
BRDA:25,3,2,4
BRF:9
BRH:9
end_of_record
TN:
SF:src/db/client.ts
FNF:0
FNH:0
DA:11,1
LF:1
LH:1
BRF:0
BRH:0
end_of_record
TN:
SF:src/openai/index.ts
FNF:0
FNH:0
DA:1,1
DA:2,1
DA:3,1
DA:4,1
LF:4
LH:4
BRF:0
BRH:0
end_of_record
TN:
SF:src/openai/openai.controller.ts
FN:19,(anonymous_4)
FN:22,(anonymous_5)
FN:48,(anonymous_6)
FN:71,(anonymous_7)
FNF:4
FNH:4
FNDA:10,(anonymous_4)
FNDA:5,(anonymous_5)
FNDA:4,(anonymous_6)
FNDA:1,(anonymous_7)
DA:1,6
DA:11,6
DA:12,6
DA:18,6
DA:19,10
DA:22,6
DA:34,5
DA:35,0
DA:37,5
DA:38,5
DA:39,5
DA:40,2
DA:41,2
DA:42,2
DA:43,2
DA:49,4
DA:50,2
DA:51,2
DA:53,2
DA:54,2
DA:58,2
DA:60,3
DA:66,2
DA:71,6
DA:75,1
DA:76,1
DA:77,1
DA:78,1
LF:28
LH:27
BRDA:34,0,0,0
BRDA:34,0,1,5
BRDA:39,1,0,2
BRDA:39,1,1,3
BRDA:49,2,0,2
BRDA:49,2,1,2
BRDA:53,3,0,2
BRDA:53,3,1,0
BRF:8
BRH:6
end_of_record
TN:
SF:src/openai/openai.guard.ts
FN:6,(anonymous_2)
FN:8,(anonymous_3)
FNF:2
FNH:2
FNDA:8,(anonymous_2)
FNDA:7,(anonymous_3)
DA:1,4
DA:2,4
DA:5,4
DA:6,8
DA:9,7
DA:10,7
DA:11,7
DA:13,7
DA:14,5
DA:15,4
LF:10
LH:10
BRF:0
BRH:0
end_of_record
TN:
SF:src/openai/openai.module.ts
FNF:0
FNH:0
DA:1,4
DA:2,4
DA:3,4
DA:4,4
DA:7,4
DA:8,4
DA:16,4
LF:7
LH:7
BRF:0
BRH:0
end_of_record
TN:
SF:src/openai/openai.service.ts
FN:32,(anonymous_3)
FN:45,(anonymous_4)
FN:66,(anonymous_5)
FNF:3
FNH:3
FNDA:19,(anonymous_3)
FNDA:2,(anonymous_4)
FNDA:4,(anonymous_5)
DA:1,7
DA:7,7
DA:8,7
DA:28,7
DA:29,19
DA:33,19
DA:36,19
DA:37,19
DA:38,2
DA:49,2
DA:54,2
DA:55,1
DA:57,1
DA:60,1
DA:74,4
DA:75,1
DA:77,3
DA:78,1
DA:83,2
DA:84,2
DA:86,0
DA:88,2
DA:89,0
DA:92,2
DA:93,1
DA:95,1
DA:97,2
DA:102,1
DA:105,1
DA:107,0
DA:108,0
DA:112,1
DA:113,1
DA:128,1
DA:129,0
DA:136,0
DA:138,1
DA:140,0
DA:141,0
LF:39
LH:31
BRDA:37,0,0,2
BRDA:37,0,1,17
BRDA:54,1,0,1
BRDA:54,1,1,1
BRDA:54,2,0,2
BRDA:54,2,1,1
BRDA:60,3,0,0
BRDA:60,3,1,1
BRDA:74,4,0,1
BRDA:74,4,1,3
BRDA:74,5,0,4
BRDA:74,5,1,4
BRDA:77,6,0,1
BRDA:77,6,1,2
BRDA:83,7,0,2
BRDA:83,7,1,0
BRDA:83,8,0,2
BRDA:83,8,1,2
BRDA:88,9,0,0
BRDA:88,9,1,2
BRDA:88,10,0,2
BRDA:88,10,1,2
BRDA:92,11,0,1
BRDA:92,11,1,1
BRDA:92,12,0,2
BRDA:92,12,1,2
BRDA:97,13,0,1
BRDA:97,13,1,1
BRDA:98,14,0,2
BRDA:98,14,1,2
BRDA:98,14,2,2
BRDA:105,15,0,0
BRDA:105,15,1,1
BRDA:105,16,0,1
BRDA:105,16,1,0
BRDA:116,17,0,1
BRDA:116,17,1,1
BRDA:118,18,0,1
BRDA:118,18,1,1
BRDA:128,19,0,0
BRDA:128,19,1,1
BRDA:128,20,0,1
BRDA:128,20,1,0
BRDA:133,21,0,0
BRDA:133,21,1,0
BRDA:134,22,0,0
BRDA:134,22,1,0
BRF:47
BRH:36
end_of_record
TN:
SF:src/rate-limit/rate-limit.module.ts
FN:13,(anonymous_2)
FN:22,(anonymous_3)
FNF:2
FNH:1
FNDA:0,(anonymous_2)
FNDA:3,(anonymous_3)
DA:1,2
DA:2,2
DA:3,2
DA:5,2
DA:14,0
DA:22,3
DA:28,2
LF:7
LH:6
BRDA:15,0,0,0
BRDA:15,0,1,0
BRF:2
BRH:0
end_of_record
TN:
SF:src/rate-limit/rate-limit.service.ts
FN:6,(anonymous_5)
FN:8,(anonymous_6)
FNF:2
FNH:2
FNDA:11,(anonymous_5)
FNDA:7,(anonymous_6)
DA:1,8
DA:2,8
DA:5,8
DA:6,11
DA:9,7
DA:10,7
DA:11,7
DA:12,7
DA:13,2
DA:15,7
DA:16,2
LF:11
LH:11
BRDA:12,0,0,2
BRDA:12,0,1,5
BRDA:15,1,0,2
BRDA:15,1,1,5
BRF:4
BRH:4
end_of_record
