TN:
SF:app/error.tsx
FN:6,Error
FN:7,(anonymous_1)
FN:19,(anonymous_2)
FNF:3
FNH:0
FNDA:0,Error
FNDA:0,(anonymous_1)
FNDA:0,(anonymous_2)
DA:7,0
DA:12,0
DA:19,0
LF:3
LH:0
BRF:0
BRH:0
end_of_record
TN:
SF:app/layout.tsx
FN:4,RootLayout
FNF:1
FNH:1
FNDA:1,RootLayout
DA:9,1
LF:1
LH:1
BRF:0
BRH:0
end_of_record
TN:
SF:app/not-found.tsx
FN:3,NotFound
FNF:1
FNH:0
FNDA:0,NotFound
DA:4,0
LF:1
LH:0
BRF:0
BRH:0
end_of_record
TN:
SF:app/page.tsx
FN:4,Home
FNF:1
FNH:1
FNDA:1,Home
DA:5,1
LF:1
LH:1
BRF:0
BRH:0
end_of_record
TN:
SF:app/auth/callback.tsx
FN:5,AuthCallback
FN:8,(anonymous_1)
FNF:2
FNH:0
FNDA:0,AuthCallback
FNDA:0,(anonymous_1)
DA:6,0
DA:8,0
DA:10,0
DA:11,0
DA:12,0
DA:13,0
DA:14,0
DA:15,0
DA:16,0
DA:17,0
DA:18,0
DA:19,0
DA:21,0
DA:24,0
DA:28,0
LF:15
LH:0
BRDA:15,0,0,0
BRDA:15,0,1,0
BRDA:17,1,0,0
BRDA:17,1,1,0
BRDA:18,2,0,0
BRDA:18,2,1,0
BRDA:19,3,0,0
BRDA:19,3,1,0
BRF:8
BRH:0
end_of_record
TN:
SF:app/auth/callback/page.tsx
FN:6,AuthCallback
FN:9,(anonymous_1)
FNF:2
FNH:0
FNDA:0,AuthCallback
FNDA:0,(anonymous_1)
DA:7,0
DA:9,0
DA:11,0
DA:12,0
DA:13,0
DA:14,0
DA:15,0
DA:16,0
DA:17,0
DA:18,0
DA:19,0
DA:20,0
DA:22,0
DA:25,0
DA:29,0
LF:15
LH:0
BRDA:16,0,0,0
BRDA:16,0,1,0
BRDA:18,1,0,0
BRDA:18,1,1,0
BRDA:19,2,0,0
BRDA:19,2,1,0
BRDA:20,3,0,0
BRDA:20,3,1,0
BRF:8
BRH:0
end_of_record
TN:
SF:app/chat/page.tsx
FN:4,Chat
FN:11,(anonymous_1)
FN:12,(anonymous_2)
FN:32,(anonymous_3)
FN:46,(anonymous_4)
FN:51,(anonymous_5)
FN:55,(anonymous_6)
FN:58,(anonymous_7)
FN:85,(anonymous_8)
FN:94,(anonymous_9)
FN:115,(anonymous_10)
FNF:11
FNH:9
FNDA:33,Chat
FNDA:11,(anonymous_1)
FNDA:11,(anonymous_2)
FNDA:9,(anonymous_3)
FNDA:2,(anonymous_4)
FNDA:0,(anonymous_5)
FNDA:2,(anonymous_6)
FNDA:2,(anonymous_7)
FNDA:9,(anonymous_8)
FNDA:9,(anonymous_9)
FNDA:0,(anonymous_10)
DA:5,33
DA:6,33
DA:7,33
DA:8,33
DA:9,33
DA:11,33
DA:12,11
DA:13,11
DA:14,11
DA:15,11
DA:16,11
DA:23,8
DA:24,8
DA:25,0
DA:29,11
DA:32,33
DA:35,9
DA:36,9
DA:37,9
DA:38,9
DA:39,1
DA:41,9
DA:42,9
DA:43,9
DA:44,9
DA:45,9
DA:46,9
DA:48,2
DA:49,2
DA:50,0
DA:51,0
DA:55,2
DA:58,9
DA:59,2
DA:60,2
DA:63,9
DA:64,9
DA:74,0
DA:75,0
DA:80,33
DA:82,33
DA:86,9
DA:94,9
DA:116,0
LF:44
LH:38
BRDA:13,0,0,11
BRDA:13,0,1,11
BRDA:14,1,0,11
BRDA:14,1,1,11
BRDA:23,2,0,8
BRDA:23,2,1,0
BRDA:25,3,0,0
BRDA:25,3,1,0
BRDA:38,4,0,1
BRDA:38,4,1,8
BRDA:41,5,0,9
BRDA:41,5,1,9
BRDA:50,6,0,0
BRDA:50,6,1,0
BRDA:50,7,0,0
BRDA:50,7,1,0
BRDA:50,7,2,0
BRDA:55,8,0,2
BRDA:55,8,1,1
BRDA:63,9,0,9
BRDA:63,9,1,9
BRDA:75,10,0,0
BRDA:75,10,1,0
BRDA:75,11,0,0
BRDA:75,11,1,0
BRDA:94,12,0,9
BRDA:94,12,1,0
BRDA:102,13,0,11
BRDA:102,13,1,22
BRDA:111,14,0,33
BRDA:111,14,1,0
BRDA:116,15,0,0
BRDA:116,15,1,0
BRF:33
BRH:17
end_of_record
TN:
SF:app/login/page.tsx
FN:5,Login
FN:6,(anonymous_1)
FNF:2
FNH:2
FNDA:2,Login
FNDA:2,(anonymous_1)
DA:6,2
DA:7,2
DA:11,2
LF:3
LH:3
BRDA:8,0,0,1
BRDA:8,0,1,1
BRDA:8,1,0,2
BRDA:8,1,1,1
BRF:4
BRH:4
end_of_record
TN:
SF:app/onboarding/page.tsx
FN:4,Onboarding
FNF:1
FNH:1
FNDA:1,Onboarding
DA:5,1
LF:1
LH:1
BRF:0
BRH:0
end_of_record
TN:
SF:app/org/page.tsx
FN:4,OrgManagement
FN:14,(anonymous_1)
FNF:2
FNH:2
FNDA:1,OrgManagement
FNDA:3,(anonymous_1)
DA:5,1
DA:10,1
DA:15,3
LF:3
LH:3
BRF:0
BRH:0
end_of_record
