TN:
SF:app/layout.tsx
FN:4,RootLayout
FNF:1
FNH:1
FNDA:1,RootLayout
DA:9,1
LF:1
LH:1
BRF:0
BRH:0
end_of_record
TN:
SF:app/page.tsx
FN:4,Home
FNF:1
FNH:1
FNDA:1,Home
DA:5,1
LF:1
LH:1
BRF:0
BRH:0
end_of_record
TN:
SF:app/chat/page.tsx
FN:4,Chat
FN:10,(anonymous_1)
FN:24,(anonymous_2)
FN:25,(anonymous_3)
FN:27,(anonymous_4)
FN:50,(anonymous_5)
FN:59,(anonymous_6)
FNF:7
FNH:7
FNDA:36,Chat
FNDA:9,(anonymous_1)
FNDA:2,(anonymous_2)
FNDA:2,(anonymous_3)
FNDA:2,(anonymous_4)
FNDA:9,(anonymous_5)
FNDA:9,(anonymous_6)
DA:5,36
DA:6,36
DA:7,36
DA:8,36
DA:10,36
DA:13,9
DA:14,9
DA:15,9
DA:16,9
DA:17,1
DA:19,9
DA:20,9
DA:21,9
DA:22,9
DA:23,9
DA:24,9
DA:25,2
DA:27,9
DA:28,2
DA:29,2
DA:32,9
DA:39,3
DA:40,3
DA:45,36
DA:47,36
DA:51,9
DA:59,9
LF:27
LH:27
BRDA:16,0,0,1
BRDA:16,0,1,8
BRDA:19,1,0,9
BRDA:19,1,1,9
BRDA:25,2,0,2
BRDA:25,2,1,1
BRDA:40,3,0,2
BRDA:40,3,1,1
BRDA:40,4,0,3
BRDA:40,4,1,3
BRDA:59,5,0,9
BRDA:59,5,1,0
BRDA:67,6,0,11
BRDA:67,6,1,25
BRF:14
BRH:13
end_of_record
TN:
SF:app/login/page.tsx
FN:5,Login
FN:6,(anonymous_1)
FN:20,(anonymous_2)
FNF:3
FNH:3
FNDA:6,Login
FNDA:5,(anonymous_1)
FNDA:1,(anonymous_2)
DA:6,6
DA:7,5
DA:11,6
DA:12,6
DA:20,1
LF:5
LH:5
BRDA:8,0,0,1
BRDA:8,0,1,4
BRDA:8,1,0,5
BRDA:8,1,1,1
BRF:4
BRH:4
end_of_record
TN:
SF:app/onboarding/page.tsx
FN:4,Onboarding
FNF:1
FNH:1
FNDA:1,Onboarding
DA:5,1
LF:1
LH:1
BRF:0
BRH:0
end_of_record
TN:
SF:app/org/page.tsx
FN:4,OrgManagement
FN:14,(anonymous_1)
FNF:2
FNH:2
FNDA:1,OrgManagement
FNDA:3,(anonymous_1)
DA:5,1
DA:10,1
DA:15,3
LF:3
LH:3
BRF:0
BRH:0
end_of_record
