TN:
SF:apps/backend/drizzle/drizzle.service.ts
FN:10,(anonymous_2)
FN:20,(anonymous_3)
FN:24,(anonymous_4)
FNF:3
FNH:3
FNDA:3,(anonymous_2)
FNDA:1,(anonymous_3)
FNDA:3,(anonymous_4)
DA:1,10
DA:2,10
DA:3,10
DA:6,10
DA:12,3
DA:13,3
DA:14,1
DA:16,2
DA:17,2
DA:21,1
DA:25,3
DA:26,2
LF:12
LH:12
BRDA:13,0,0,1
BRDA:13,0,1,2
BRDA:13,1,0,3
BRDA:13,1,1,2
BRDA:25,2,0,2
BRDA:25,2,1,1
BRDA:25,3,0,3
BRDA:25,3,1,2
BRF:8
BRH:8
end_of_record
TN:
SF:apps/backend/src/admin.controller.ts
FN:10,(anonymous_2)
FNF:1
FNH:1
FNDA:1,(anonymous_2)
DA:1,3
DA:2,3
DA:3,3
DA:7,3
DA:10,3
DA:12,1
LF:6
LH:6
BRF:0
BRH:0
end_of_record
TN:
SF:apps/backend/src/app.module.ts
FN:15,(anonymous_2)
FNF:1
FNH:1
FNDA:1,(anonymous_2)
DA:1,2
DA:2,2
DA:3,2
DA:4,2
DA:5,2
DA:6,2
DA:7,2
DA:8,2
DA:9,2
DA:10,2
DA:13,2
DA:15,2
DA:16,1
DA:33,2
LF:14
LH:14
BRF:0
BRH:0
end_of_record
TN:
SF:apps/backend/src/billing.controller.ts
FN:6,(anonymous_2)
FN:9,(anonymous_3)
FNF:2
FNH:2
FNDA:8,(anonymous_2)
FNDA:2,(anonymous_3)
DA:1,4
DA:2,4
DA:5,4
DA:6,8
DA:9,4
DA:10,2
LF:6
LH:6
BRF:0
BRH:0
end_of_record
TN:
SF:apps/backend/src/billing.module.ts
FNF:0
FNH:0
DA:1,3
DA:2,3
DA:3,3
DA:9,3
LF:4
LH:4
BRF:0
BRH:0
end_of_record
TN:
SF:apps/backend/src/billing.service.ts
FN:6,(anonymous_1)
FNF:1
FNH:1
FNDA:1,(anonymous_1)
DA:1,5
DA:4,5
DA:7,1
LF:3
LH:3
BRF:0
BRH:0
end_of_record
TN:
SF:apps/backend/src/compliance.controller.ts
FN:8,(anonymous_2)
FNF:1
FNH:1
FNDA:1,(anonymous_2)
DA:1,3
DA:2,3
DA:6,3
DA:8,3
DA:10,1
LF:5
LH:5
BRF:0
BRH:0
end_of_record
TN:
SF:apps/backend/src/logger.middleware.ts
FN:7,(anonymous_2)
FN:9,(anonymous_3)
FN:11,(anonymous_4)
FNF:3
FNH:3
FNDA:2,(anonymous_2)
FNDA:2,(anonymous_3)
FNDA:1,(anonymous_4)
DA:1,1
DA:3,1
DA:6,1
DA:7,2
DA:10,2
DA:11,2
DA:12,1
DA:13,1
DA:21,2
LF:9
LH:9
BRDA:7,0,0,1
BRF:1
BRH:1
end_of_record
TN:
SF:apps/backend/src/logger.ts
FN:3,getLogger
FNF:1
FNH:1
FNDA:6,getLogger
DA:1,2
DA:3,2
DA:4,6
LF:3
LH:3
BRDA:5,0,0,1
BRDA:5,0,1,5
BRF:2
BRH:2
end_of_record
TN:
SF:apps/backend/src/monitoring.controller.ts
FN:8,(anonymous_4)
FNF:1
FNH:1
FNDA:3,(anonymous_4)
DA:1,3
DA:3,3
DA:6,3
DA:8,3
DA:11,3
DA:12,1
DA:14,3
DA:15,2
LF:8
LH:8
BRDA:11,0,0,1
BRDA:11,0,1,2
BRDA:14,1,0,2
BRDA:14,1,1,1
BRF:4
BRH:4
end_of_record
TN:
SF:apps/backend/src/monitoring.module.ts
FNF:0
FNH:0
DA:1,2
DA:2,2
DA:7,2
LF:3
LH:3
BRF:0
BRH:0
end_of_record
TN:
SF:apps/backend/src/monitoring.ts
FNF:0
FNH:0
DA:1,4
DA:5,4
DA:6,4
DA:8,4
LF:4
LH:4
BRF:0
BRH:0
end_of_record
TN:
SF:apps/backend/src/sentry.ts
FN:13,(anonymous_6)
FN:14,(anonymous_7)
FN:15,(anonymous_8)
FN:16,(anonymous_9)
FNF:4
FNH:4
FNDA:1,(anonymous_6)
FNDA:1,(anonymous_7)
FNDA:1,(anonymous_8)
FNDA:1,(anonymous_9)
DA:1,4
DA:11,4
DA:12,1
DA:17,1
DA:22,3
DA:25,3
DA:30,3
DA:33,4
LF:8
LH:8
BRDA:11,0,0,1
BRDA:11,0,1,3
BRDA:17,1,0,1
BRDA:17,1,1,0
BRDA:22,2,0,3
BRDA:22,2,1,0
BRF:6
BRH:4
end_of_record
TN:
SF:apps/backend/src/api/api.controller.ts
FN:15,(anonymous_4)
FN:29,(anonymous_5)
FNF:2
FNH:2
FNDA:2,(anonymous_4)
FNDA:2,(anonymous_5)
DA:1,5
DA:2,5
DA:3,5
DA:13,5
DA:15,5
DA:19,2
DA:29,5
DA:32,2
LF:8
LH:8
BRF:0
BRH:0
end_of_record
TN:
SF:apps/backend/src/api/api.module.ts
FNF:0
FNH:0
DA:1,3
DA:2,3
DA:3,3
DA:9,3
LF:4
LH:4
BRF:0
BRH:0
end_of_record
TN:
SF:apps/backend/src/auth/auth.controller.ts
FN:36,(anonymous_4)
FN:40,(anonymous_5)
FN:44,(anonymous_6)
FN:95,(anonymous_7)
FNF:4
FNH:4
FNDA:17,(anonymous_4)
FNDA:1,(anonymous_5)
FNDA:3,(anonymous_6)
FNDA:5,(anonymous_7)
DA:1,9
DA:11,9
DA:12,9
DA:35,9
DA:36,17
DA:40,9
DA:44,9
DA:49,3
DA:62,2
DA:64,1
DA:66,1
DA:67,1
DA:75,1
DA:80,1
DA:86,1
DA:95,9
DA:100,5
DA:108,3
DA:109,2
DA:117,1
DA:119,5
DA:125,2
DA:127,3
DA:128,2
LF:24
LH:24
BRDA:49,0,0,2
BRDA:49,0,1,1
BRDA:50,1,0,3
BRDA:50,1,1,2
BRDA:50,1,2,2
BRDA:50,1,3,2
BRDA:50,1,4,2
BRDA:50,1,5,2
BRDA:50,1,6,1
BRDA:50,1,7,1
BRDA:50,1,8,1
BRDA:50,1,9,1
BRDA:50,1,10,1
BRDA:68,2,0,1
BRDA:68,2,1,0
BRDA:69,3,0,1
BRDA:69,3,1,1
BRDA:70,4,0,1
BRDA:70,4,1,1
BRDA:71,5,0,1
BRDA:71,5,1,0
BRDA:72,6,0,1
BRDA:72,6,1,0
BRDA:73,7,0,1
BRDA:73,7,1,0
BRDA:77,8,0,1
BRDA:77,8,1,0
BRDA:78,9,0,1
BRDA:78,9,1,0
BRDA:100,10,0,3
BRDA:100,10,1,2
BRDA:101,11,0,5
BRDA:101,11,1,4
BRDA:101,11,2,4
BRDA:101,11,3,4
BRDA:101,11,4,3
BRDA:101,11,5,3
BRDA:109,12,0,1
BRDA:109,12,1,1
BRDA:110,13,0,2
BRDA:110,13,1,2
BRDA:110,13,2,2
BRDA:110,13,3,2
BRDA:110,13,4,1
BRDA:110,13,5,1
BRDA:119,14,0,2
BRDA:119,14,1,3
BRDA:120,15,0,5
BRDA:120,15,1,4
BRDA:120,15,2,4
BRDA:120,15,3,4
BRF:51
BRH:45
end_of_record
TN:
SF:apps/backend/src/auth/auth.module.ts
FN:15,(anonymous_2)
FN:32,(anonymous_3)
FNF:2
FNH:2
FNDA:7,(anonymous_2)
FNDA:7,(anonymous_3)
DA:1,8
DA:2,8
DA:3,8
DA:4,8
DA:5,8
DA:6,8
DA:7,8
DA:8,8
DA:9,8
DA:17,7
DA:21,7
DA:33,7
DA:42,8
LF:13
LH:13
BRDA:17,0,0,5
BRDA:17,0,1,2
BRDA:17,1,0,7
BRDA:17,1,1,5
BRDA:36,2,0,7
BRDA:36,2,1,1
BRF:6
BRH:6
end_of_record
TN:
SF:apps/backend/src/auth/auth.service.ts
FN:4,(anonymous_0)
FN:9,(anonymous_1)
FN:27,(anonymous_2)
FN:53,(anonymous_3)
FN:57,(anonymous_4)
FNF:5
FNH:5
FNDA:47,(anonymous_0)
FNDA:5,(anonymous_1)
FNDA:3,(anonymous_2)
FNDA:2,(anonymous_3)
FNDA:8,(anonymous_4)
DA:1,20
DA:3,20
DA:5,47
DA:6,47
DA:10,5
DA:11,5
DA:12,5
DA:13,2
DA:16,2
DA:18,3
DA:21,3
DA:22,2
DA:24,1
DA:32,3
DA:37,3
DA:43,3
DA:50,2
DA:54,2
DA:60,8
DA:64,8
DA:69,4
DA:71,4
DA:75,4
DA:76,2
DA:78,2
LF:25
LH:25
BRDA:12,0,0,2
BRDA:12,0,1,3
BRDA:12,1,0,5
BRDA:12,1,1,4
BRDA:16,2,0,2
BRDA:16,2,1,0
BRDA:16,3,0,2
BRDA:16,3,1,1
BRDA:21,4,0,2
BRDA:21,4,1,1
BRDA:21,5,0,3
BRDA:21,5,1,2
BRDA:64,6,0,4
BRDA:64,6,1,4
BRDA:65,7,0,8
BRDA:65,7,1,7
BRDA:65,7,2,6
BRDA:75,8,0,2
BRDA:75,8,1,2
BRDA:75,9,0,4
BRDA:75,9,1,3
BRF:21
BRH:20
end_of_record
TN:
SF:apps/backend/src/auth/github.strategy.ts
FN:8,(anonymous_2)
FN:20,(anonymous_3)
FNF:2
FNH:2
FNDA:6,(anonymous_2)
FNDA:4,(anonymous_3)
DA:1,3
DA:2,3
DA:3,3
DA:4,3
DA:7,3
DA:8,5
DA:9,6
DA:33,4
DA:34,4
LF:9
LH:9
BRDA:13,0,0,5
BRDA:13,0,1,1
BRDA:35,1,0,4
BRDA:35,1,1,2
BRDA:36,2,0,4
BRDA:36,2,1,2
BRDA:37,3,0,4
BRDA:37,3,1,2
BRF:8
BRH:8
end_of_record
TN:
SF:apps/backend/src/auth/google.strategy.ts
FN:42,(anonymous_2)
FN:51,(anonymous_3)
FNF:2
FNH:2
FNDA:18,(anonymous_2)
FNDA:7,(anonymous_3)
DA:4,10
DA:5,10
DA:6,10
DA:7,10
DA:9,10
DA:11,10
DA:13,10
DA:16,10
DA:17,10
DA:18,10
DA:19,10
DA:20,10
DA:21,10
DA:23,10
DA:25,10
DA:26,10
DA:28,10
DA:31,10
DA:38,10
DA:42,15
DA:43,18
DA:57,7
DA:58,7
DA:59,5
DA:61,2
LF:25
LH:25
BRDA:10,0,0,10
BRDA:10,0,1,10
BRDA:12,1,0,10
BRDA:12,1,1,10
BRDA:14,2,0,10
BRDA:14,2,1,10
BRDA:16,3,0,10
BRDA:16,3,1,10
BRDA:17,4,0,10
BRDA:17,4,1,10
BRDA:18,5,0,10
BRDA:18,5,1,10
BRDA:19,6,0,10
BRDA:19,6,1,10
BRDA:20,7,0,10
BRDA:20,7,1,10
BRDA:22,8,0,10
BRDA:22,8,1,10
BRDA:24,9,0,10
BRDA:24,9,1,10
BRDA:25,10,0,10
BRDA:25,10,1,10
BRDA:27,11,0,10
BRDA:27,11,1,10
BRDA:29,12,0,10
BRDA:29,12,1,10
BRDA:32,13,0,10
BRDA:32,13,1,10
BRDA:32,13,2,10
BRDA:32,13,3,10
BRF:30
BRH:30
end_of_record
TN:
SF:apps/backend/src/auth/index.ts
FNF:0
FNH:0
DA:1,1
DA:2,1
DA:3,1
DA:4,1
DA:5,1
DA:6,1
DA:7,1
DA:8,1
DA:9,1
LF:9
LH:9
BRF:0
BRH:0
end_of_record
TN:
SF:apps/backend/src/auth/jwt-auth.guard.ts
FNF:0
FNH:0
DA:1,12
DA:2,12
DA:5,12
LF:3
LH:3
BRF:0
BRH:0
end_of_record
TN:
SF:apps/backend/src/auth/jwt.strategy.ts
FN:10,(anonymous_3)
FN:24,(anonymous_4)
FNF:2
FNH:2
FNDA:12,(anonymous_3)
FNDA:3,(anonymous_4)
DA:1,10
DA:2,10
DA:3,10
DA:4,10
DA:5,10
DA:8,10
DA:10,12
DA:12,12
DA:16,12
DA:21,12
DA:27,3
LF:11
LH:11
BRDA:12,0,0,7
BRDA:12,0,1,5
BRDA:12,1,0,12
BRDA:12,1,1,7
BRF:4
BRH:4
end_of_record
TN:
SF:apps/backend/src/auth/linkedin.strategy.ts
FN:8,(anonymous_2)
FN:26,(anonymous_3)
FNF:2
FNH:2
FNDA:6,(anonymous_2)
FNDA:4,(anonymous_3)
DA:1,3
DA:2,3
DA:3,3
DA:4,3
DA:7,3
DA:8,5
DA:9,6
DA:39,4
DA:40,4
LF:9
LH:9
BRDA:11,0,0,5
BRDA:11,0,1,1
BRDA:15,1,0,5
BRDA:15,1,1,1
BRDA:19,2,0,5
BRDA:19,2,1,1
BRDA:41,3,0,4
BRDA:41,3,1,2
BRDA:42,4,0,4
BRDA:42,4,1,2
BRDA:43,5,0,4
BRDA:43,5,1,2
BRF:12
BRH:12
end_of_record
TN:
SF:apps/backend/src/auth/roles.guard.ts
FN:10,(anonymous_2)
FN:15,(anonymous_3)
FN:17,(anonymous_4)
FNF:3
FNH:3
FNDA:7,(anonymous_2)
FNDA:13,(anonymous_3)
FNDA:9,(anonymous_4)
DA:1,8
DA:8,8
DA:10,8
DA:11,7
DA:14,8
DA:15,13
DA:18,9
DA:22,9
DA:23,7
DA:24,7
DA:29,5
DA:31,2
LF:12
LH:12
BRDA:22,0,0,2
BRDA:22,0,1,7
BRDA:22,1,0,9
BRDA:22,1,1,7
BRDA:24,2,0,5
BRDA:24,2,1,2
BRDA:25,3,0,7
BRDA:25,3,1,5
BRDA:25,3,2,4
BRF:9
BRH:9
end_of_record
TN:
SF:apps/backend/src/db/client.ts
FNF:0
FNH:0
DA:1,1
DA:2,1
DA:3,1
DA:5,1
DA:22,1
LF:5
LH:5
BRF:0
BRH:0
end_of_record
TN:
SF:apps/backend/src/db/schema.ts
FNF:0
FNH:0
DA:1,2
DA:11,2
DA:26,2
DA:35,2
DA:45,2
LF:5
LH:5
BRF:0
BRH:0
end_of_record
TN:
SF:apps/backend/src/openai/index.ts
FNF:0
FNH:0
DA:1,1
DA:2,1
DA:3,1
DA:4,1
LF:4
LH:4
BRF:0
BRH:0
end_of_record
TN:
SF:apps/backend/src/openai/openai.controller.ts
FN:19,(anonymous_4)
FN:22,(anonymous_5)
FN:48,(anonymous_6)
FN:71,(anonymous_7)
FNF:4
FNH:4
FNDA:10,(anonymous_4)
FNDA:5,(anonymous_5)
FNDA:4,(anonymous_6)
FNDA:1,(anonymous_7)
DA:1,6
DA:11,6
DA:12,6
DA:13,6
DA:18,6
DA:19,10
DA:22,6
DA:34,5
DA:35,0
DA:37,5
DA:38,5
DA:39,5
DA:40,2
DA:41,2
DA:42,2
DA:43,2
DA:49,4
DA:50,2
DA:51,2
DA:53,2
DA:54,2
DA:58,2
DA:60,3
DA:66,2
DA:71,6
DA:75,1
DA:76,1
DA:77,1
DA:78,1
LF:29
LH:28
BRDA:34,0,0,0
BRDA:34,0,1,5
BRDA:39,1,0,2
BRDA:39,1,1,3
BRDA:49,2,0,2
BRDA:49,2,1,2
BRDA:53,3,0,2
BRDA:53,3,1,0
BRF:8
BRH:6
end_of_record
TN:
SF:apps/backend/src/openai/openai.guard.ts
FN:6,(anonymous_2)
FN:8,(anonymous_3)
FNF:2
FNH:2
FNDA:11,(anonymous_2)
FNDA:7,(anonymous_3)
DA:1,7
DA:2,7
DA:5,7
DA:6,11
DA:9,7
DA:10,7
DA:11,7
DA:13,7
DA:14,5
DA:15,4
LF:10
LH:10
BRF:0
BRH:0
end_of_record
TN:
SF:apps/backend/src/openai/openai.module.ts
FNF:0
FNH:0
DA:1,4
DA:2,4
DA:3,4
DA:4,4
DA:13,4
LF:5
LH:5
BRF:0
BRH:0
end_of_record
TN:
SF:apps/backend/src/openai/openai.service.ts
FN:24,(anonymous_1)
FN:30,(anonymous_2)
FN:44,(anonymous_3)
FNF:3
FNH:3
FNDA:22,(anonymous_1)
FNDA:1,(anonymous_2)
FNDA:9,(anonymous_3)
DA:1,8
DA:24,8
DA:25,22
DA:35,1
DA:38,1
DA:52,9
DA:53,2
DA:55,7
DA:56,2
DA:61,5
DA:62,2
DA:64,3
DA:66,5
DA:67,1
DA:70,4
DA:71,1
DA:73,3
DA:75,4
DA:80,1
DA:83,3
DA:84,2
DA:85,2
DA:86,2
DA:88,1
LF:24
LH:24
BRDA:52,0,0,2
BRDA:52,0,1,7
BRDA:52,1,0,9
BRDA:52,1,1,9
BRDA:55,2,0,2
BRDA:55,2,1,5
BRDA:61,3,0,2
BRDA:61,3,1,3
BRDA:61,4,0,5
BRDA:61,4,1,2
BRDA:66,5,0,1
BRDA:66,5,1,4
BRDA:66,6,0,5
BRDA:66,6,1,4
BRDA:70,7,0,1
BRDA:70,7,1,3
BRDA:70,8,0,4
BRDA:70,8,1,1
BRDA:75,9,0,1
BRDA:75,9,1,3
BRDA:76,10,0,4
BRDA:76,10,1,4
BRDA:76,10,2,4
BRDA:83,11,0,2
BRDA:83,11,1,1
BRDA:83,12,0,3
BRDA:83,12,1,2
BRF:27
BRH:27
end_of_record
TN:
SF:apps/backend/src/rate-limit/rate-limit.module.ts
FN:13,(anonymous_2)
FN:22,(anonymous_3)
FNF:2
FNH:2
FNDA:2,(anonymous_2)
FNDA:5,(anonymous_3)
DA:1,4
DA:2,4
DA:3,4
DA:5,4
DA:14,2
DA:22,5
DA:28,4
LF:7
LH:7
BRDA:15,0,0,2
BRDA:15,0,1,0
BRF:2
BRH:1
end_of_record
TN:
SF:apps/backend/src/rate-limit/rate-limit.service.ts
FN:6,(anonymous_5)
FN:8,(anonymous_6)
FNF:2
FNH:2
FNDA:9,(anonymous_5)
FNDA:3,(anonymous_6)
DA:1,10
DA:2,10
DA:5,10
DA:6,9
DA:9,3
DA:10,3
DA:11,3
DA:12,3
DA:13,1
DA:15,3
DA:16,1
LF:11
LH:11
BRDA:12,0,0,1
BRDA:12,0,1,2
BRDA:15,1,0,1
BRDA:15,1,1,2
BRF:4
BRH:4
end_of_record
